[
  {
    "message": "need token",
    "code": 500,
    "time": 1739453484034
  },
  {
    "message": "need token",
    "code": 500,
    "time": 1739453484049
  },
  {
    "message": "need token",
    "code": 500,
    "time": 1739453484057
  },
  {
    "message": "need token",
    "code": 500,
    "time": 1739454746546
  },
  {
    "message": "need token",
    "code": 500,
    "time": 1739454746555
  },
  {
    "message": "need token",
    "code": 500,
    "time": 1739454746558
  },
  {
    "message": "need token",
    "code": 500,
    "time": 1739454746564
  },
  {
    "message": "Wrong password or email",
    "code": 500,
    "time": 1739454749506
  }
]